# JRE version: OpenJDK Runtime Environment JBR-17.0.3+7-469.37-jcef (17.0.3+7) (build 17.0.3+7-b469.37)
# Java VM: OpenJDK 64-Bit Server VM JBR-17.0.3+7-469.37-jcef (17.0.3+7-b469.37, mixed mode, tiered, compressed oops, compressed class ptrs, g1 gc, windows-amd64)
GC Precious Log:
 CPUs: 12 total, 12 available
 Memory: 16187M
 Large Page Support: Disabled
 NUMA Support: Disabled
 Compressed Oops: Enabled (32-bit)
 Heap Region Size: 1M
 Heap Min Capacity: 128M
 Heap Initial Capacity: 128M
 Heap Max Capacity: 1G
 Pre-touch: Disabled
 Parallel Workers: 10
 Concurrent Workers: 3
 Concurrent Refinement Workers: 10
 Periodic GC: Disabled
Heap:
 garbage-first heap   total 131072K, used 11149K [0x00000000c0000000, 0x0000000100000000)
  region size 1024K, 6 young (6144K), 0 survivors (0K)
 Metaspace       used 25988K, committed 26560K, reserved 1073152K
  class space    used 2555K, committed 2752K, reserved 1048576K
GC Heap History (20 events):
Event: 388806.804 GC heap before
{Heap before GC invocations=121 (full 107):
 garbage-first heap   total 131072K, used 11149K [0x00000000c0000000, 0x0000000100000000)
  region size 1024K, 6 young (6144K), 0 survivors (0K)
 Metaspace       used 25988K, committed 26560K, reserved 1073152K
  class space    used 2555K, committed 2752K, reserved 1048576K
}
Event: 388806.879 GC heap after
{Heap after GC invocations=122 (full 108):
 garbage-first heap   total 131072K, used 6029K [0x00000000c0000000, 0x0000000100000000)
  region size 1024K, 0 young (0K), 0 survivors (0K)
 Metaspace       used 25988K, committed 26560K, reserved 1073152K
  class space    used 2555K, committed 2752K, reserved 1048576K
}
Event: 392406.880 GC heap before
{Heap before GC invocations=122 (full 108):
 garbage-first heap   total 131072K, used 11149K [0x00000000c0000000, 0x0000000100000000)
  region size 1024K, 6 young (6144K), 0 survivors (0K)
 Metaspace       used 25988K, committed 26560K, reserved 1073152K
  class space    used 2555K, committed 2752K, reserved 1048576K
}
Event: 392406.919 GC heap after
{Heap after GC invocations=123 (full 109):
 garbage-first heap   total 131072K, used 6029K [0x00000000c0000000, 0x0000000100000000)
  region size 1024K, 0 young (0K), 0 survivors (0K)
 Metaspace       used 25988K, committed 26560K, reserved 1073152K
  class space    used 2555K, committed 2752K, reserved 1048576K
}
Event: 396006.921 GC heap before
{Heap before GC invocations=123 (full 109):
 garbage-first heap   total 131072K, used 11149K [0x00000000c0000000, 0x0000000100000000)
  region size 1024K, 6 young (6144K), 0 survivors (0K)
 Metaspace       used 25988K, committed 26560K, reserved 1073152K
  class space    used 2555K, committed 2752K, reserved 1048576K
}
Event: 396006.961 GC heap after
{Heap after GC invocations=124 (full 110):
 garbage-first heap   total 131072K, used 6029K [0x00000000c0000000, 0x0000000100000000)
  region size 1024K, 0 young (0K), 0 survivors (0K)
 Metaspace       used 25988K, committed 26560K, reserved 1073152K
  class space    used 2555K, committed 2752K, reserved 1048576K
}
Event: 399606.965 GC heap before
{Heap before GC invocations=124 (full 110):
 garbage-first heap   total 131072K, used 11149K [0x00000000c0000000, 0x0000000100000000)
  region size 1024K, 6 young (6144K), 0 survivors (0K)
 Metaspace       used 25988K, committed 26560K, reserved 1073152K
  class space    used 2555K, committed 2752K, reserved 1048576K
}
Event: 399606.997 GC heap after
{Heap after GC invocations=125 (full 111):
 garbage-first heap   total 131072K, used 6029K [0x00000000c0000000, 0x0000000100000000)
  region size 1024K, 0 young (0K), 0 survivors (0K)
 Metaspace       used 25988K, committed 26560K, reserved 1073152K
  class space    used 2555K, committed 2752K, reserved 1048576K
}
Event: 403206.999 GC heap before
{Heap before GC invocations=125 (full 111):
 garbage-first heap   total 131072K, used 11149K [0x00000000c0000000, 0x0000000100000000)
  region size 1024K, 6 young (6144K), 0 survivors (0K)
 Metaspace       used 25988K, committed 26560K, reserved 1073152K
  class space    used 2555K, committed 2752K, reserved 1048576K
}
Event: 403207.039 GC heap after
{Heap after GC invocations=126 (full 112):
 garbage-first heap   total 131072K, used 6029K [0x00000000c0000000, 0x0000000100000000)
  region size 1024K, 0 young (0K), 0 survivors (0K)
 Metaspace       used 25988K, committed 26560K, reserved 1073152K
  class space    used 2555K, committed 2752K, reserved 1048576K
}
Event: 406807.041 GC heap before
{Heap before GC invocations=126 (full 112):
 garbage-first heap   total 131072K, used 11149K [0x00000000c0000000, 0x0000000100000000)
  region size 1024K, 6 young (6144K), 0 survivors (0K)
 Metaspace       used 25988K, committed 26560K, reserved 1073152K
  class space    used 2555K, committed 2752K, reserved 1048576K
}
Event: 406807.080 GC heap after
{Heap after GC invocations=127 (full 113):
 garbage-first heap   total 131072K, used 6029K [0x00000000c0000000, 0x0000000100000000)
  region size 1024K, 0 young (0K), 0 survivors (0K)
 Metaspace       used 25988K, committed 26560K, reserved 1073152K
  class space    used 2555K, committed 2752K, reserved 1048576K
}
Event: 410407.082 GC heap before
{Heap before GC invocations=127 (full 113):
 garbage-first heap   total 131072K, used 11149K [0x00000000c0000000, 0x0000000100000000)
  region size 1024K, 6 young (6144K), 0 survivors (0K)
 Metaspace       used 25988K, committed 26560K, reserved 1073152K
  class space    used 2555K, committed 2752K, reserved 1048576K
}
Event: 410407.124 GC heap after
{Heap after GC invocations=128 (full 114):
 garbage-first heap   total 131072K, used 6029K [0x00000000c0000000, 0x0000000100000000)
  region size 1024K, 0 young (0K), 0 survivors (0K)
 Metaspace       used 25988K, committed 26560K, reserved 1073152K
  class space    used 2555K, committed 2752K, reserved 1048576K
}
Event: 414007.126 GC heap before
{Heap before GC invocations=128 (full 114):
 garbage-first heap   total 131072K, used 11149K [0x00000000c0000000, 0x0000000100000000)
  region size 1024K, 6 young (6144K), 0 survivors (0K)
 Metaspace       used 25988K, committed 26560K, reserved 1073152K
  class space    used 2555K, committed 2752K, reserved 1048576K
}
Event: 414007.169 GC heap after
{Heap after GC invocations=129 (full 115):
 garbage-first heap   total 131072K, used 6029K [0x00000000c0000000, 0x0000000100000000)
  region size 1024K, 0 young (0K), 0 survivors (0K)
 Metaspace       used 25988K, committed 26560K, reserved 1073152K
  class space    used 2555K, committed 2752K, reserved 1048576K
}
Event: 417607.170 GC heap before
{Heap before GC invocations=129 (full 115):
 garbage-first heap   total 131072K, used 11149K [0x00000000c0000000, 0x0000000100000000)
  region size 1024K, 6 young (6144K), 0 survivors (0K)
 Metaspace       used 25988K, committed 26560K, reserved 1073152K
  class space    used 2555K, committed 2752K, reserved 1048576K
}
Event: 417607.184 GC heap after
{Heap after GC invocations=130 (full 116):
 garbage-first heap   total 131072K, used 6029K [0x00000000c0000000, 0x0000000100000000)
  region size 1024K, 0 young (0K), 0 survivors (0K)
 Metaspace       used 25988K, committed 26560K, reserved 1073152K
  class space    used 2555K, committed 2752K, reserved 1048576K
}
Event: 421207.185 GC heap before
{Heap before GC invocations=130 (full 116):
 garbage-first heap   total 131072K, used 11149K [0x00000000c0000000, 0x0000000100000000)
  region size 1024K, 6 young (6144K), 0 survivors (0K)
 Metaspace       used 25988K, committed 26560K, reserved 1073152K
  class space    used 2555K, committed 2752K, reserved 1048576K
}
Event: 421207.228 GC heap after
{Heap after GC invocations=131 (full 117):
 garbage-first heap   total 131072K, used 6029K [0x00000000c0000000, 0x0000000100000000)
  region size 1024K, 0 young (0K), 0 survivors (0K)
 Metaspace       used 25988K, committed 26560K, reserved 1073152K
  class space    used 2555K, committed 2752K, reserved 1048576K
}

