# JRE version: OpenJDK Runtime Environment Temurin-17.0.4.1+1 (17.0.4.1+1) (build 17.0.4.1+1)
# Java VM: OpenJDK 64-Bit Server VM Temurin-17.0.4.1+1 (17.0.4.1+1, mixed mode, emulated-client, sharing, tiered, compressed oops, compressed class ptrs, g1 gc, windows-amd64)
GC Precious Log:
 CPUs: 12 total, 12 available
 Memory: 16187M
 Large Page Support: Disabled
 NUMA Support: Disabled
 Compressed Oops: Enabled (Zero based)
 Heap Region Size: 2M
 Heap Min Capacity: 8M
 Heap Initial Capacity: 254M
 Heap Max Capacity: 4048M
 Pre-touch: Disabled
 Parallel Workers: 10
 Concurrent Workers: 3
 Concurrent Refinement Workers: 10
 Periodic GC: Disabled
Heap:
 garbage-first heap   total 155648K, used 72448K [0x0000000703000000, 0x0000000800000000)
  region size 2048K, 32 young (65536K), 2 survivors (4096K)
 Metaspace       used 29212K, committed 29568K, reserved 1081344K
  class space    used 4012K, committed 4224K, reserved 1048576K
GC Heap History (12 events):
Event: 1.057 GC heap before
{Heap before GC invocations=0 (full 0):
 garbage-first heap   total 260096K, used 22528K [0x0000000703000000, 0x0000000800000000)
  region size 2048K, 11 young (22528K), 0 survivors (0K)
 Metaspace       used 5764K, committed 5952K, reserved 1056768K
  class space    used 702K, committed 832K, reserved 1048576K
}
Event: 1.062 GC heap after
{Heap after GC invocations=1 (full 0):
 garbage-first heap   total 260096K, used 5674K [0x0000000703000000, 0x0000000800000000)
  region size 2048K, 2 young (4096K), 2 survivors (4096K)
 Metaspace       used 5764K, committed 5952K, reserved 1056768K
  class space    used 702K, committed 832K, reserved 1048576K
}
Event: 1.547 GC heap before
{Heap before GC invocations=1 (full 0):
 garbage-first heap   total 260096K, used 30250K [0x0000000703000000, 0x0000000800000000)
  region size 2048K, 15 young (30720K), 2 survivors (4096K)
 Metaspace       used 10075K, committed 10304K, reserved 1064960K
  class space    used 1306K, committed 1408K, reserved 1048576K
}
Event: 1.552 GC heap after
{Heap after GC invocations=2 (full 0):
 garbage-first heap   total 260096K, used 7729K [0x0000000703000000, 0x0000000800000000)
  region size 2048K, 2 young (4096K), 2 survivors (4096K)
 Metaspace       used 10075K, committed 10304K, reserved 1064960K
  class space    used 1306K, committed 1408K, reserved 1048576K
}
Event: 2.726 GC heap before
{Heap before GC invocations=2 (full 0):
 garbage-first heap   total 260096K, used 73265K [0x0000000703000000, 0x0000000800000000)
  region size 2048K, 35 young (71680K), 2 survivors (4096K)
 Metaspace       used 21255K, committed 21504K, reserved 1073152K
  class space    used 2868K, committed 3008K, reserved 1048576K
}
Event: 2.733 GC heap after
{Heap after GC invocations=3 (full 0):
 garbage-first heap   total 260096K, used 10900K [0x0000000703000000, 0x0000000800000000)
  region size 2048K, 3 young (6144K), 3 survivors (6144K)
 Metaspace       used 21255K, committed 21504K, reserved 1073152K
  class space    used 2868K, committed 3008K, reserved 1048576K
}
Event: 3.070 GC heap before
{Heap before GC invocations=4 (full 0):
 garbage-first heap   total 49152K, used 33428K [0x0000000703000000, 0x0000000800000000)
  region size 2048K, 14 young (28672K), 3 survivors (6144K)
 Metaspace       used 24134K, committed 24448K, reserved 1073152K
  class space    used 3246K, committed 3392K, reserved 1048576K
}
Event: 3.077 GC heap after
{Heap after GC invocations=5 (full 0):
 garbage-first heap   total 49152K, used 11559K [0x0000000703000000, 0x0000000800000000)
  region size 2048K, 1 young (2048K), 1 survivors (2048K)
 Metaspace       used 24134K, committed 24448K, reserved 1073152K
  class space    used 3246K, committed 3392K, reserved 1048576K
}
Event: 3.140 GC heap before
{Heap before GC invocations=5 (full 0):
 garbage-first heap   total 49152K, used 13607K [0x0000000703000000, 0x0000000800000000)
  region size 2048K, 2 young (4096K), 1 survivors (2048K)
 Metaspace       used 24149K, committed 24448K, reserved 1073152K
  class space    used 3247K, committed 3392K, reserved 1048576K
}
Event: 3.143 GC heap after
{Heap after GC invocations=6 (full 0):
 garbage-first heap   total 49152K, used 11798K [0x0000000703000000, 0x0000000800000000)
  region size 2048K, 1 young (2048K), 1 survivors (2048K)
 Metaspace       used 24149K, committed 24448K, reserved 1073152K
  class space    used 3247K, committed 3392K, reserved 1048576K
}
Event: 3.769 GC heap before
{Heap before GC invocations=6 (full 0):
 garbage-first heap   total 49152K, used 30230K [0x0000000703000000, 0x0000000800000000)
  region size 2048K, 10 young (20480K), 1 survivors (2048K)
 Metaspace       used 24760K, committed 25088K, reserved 1073152K
  class space    used 3366K, committed 3520K, reserved 1048576K
}
Event: 3.777 GC heap after
{Heap after GC invocations=7 (full 0):
 garbage-first heap   total 155648K, used 13056K [0x0000000703000000, 0x0000000800000000)
  region size 2048K, 2 young (4096K), 2 survivors (4096K)
 Metaspace       used 24760K, committed 25088K, reserved 1073152K
  class space    used 3366K, committed 3520K, reserved 1048576K
}

